<?xml version="1.0" encoding="UTF-8"?>
<!-- Generated by org.testng.reporters.JUnitReportReporter -->
<testsuite skipped="0" hostname="MAHESHIKAD-PC" name="com.FrameWorkTestV1.testCases.TC_Appium" tests="1" failures="0" timestamp="16 May 2019 09:07:06 GMT" time="14.050" errors="0">
  <testcase name="functionAppuim" time="14.050" classname="com.FrameWorkTestV1.testCases.TC_Appium"/>
</testsuite> <!-- com.FrameWorkTestV1.testCases.TC_Appium -->
