<?xml version="1.0" encoding="UTF-8"?>
<!-- Generated by org.testng.reporters.JUnitReportReporter -->
<testsuite skipped="0" hostname="MAHESHIKAD-PC" name="com.AppiumTest.TC_Appium" tests="1" failures="0" timestamp="15 May 2019 08:01:48 GMT" time="0.774" errors="0">
  <testcase name="functionAppuim" time="0.774" classname="com.AppiumTest.TC_Appium"/>
</testsuite> <!-- com.AppiumTest.TC_Appium -->
